<?xml version="1.0" encoding="UTF-8"?>
<testng-results ignored="0" total="1" passed="1" failed="0" skipped="0">
  <reporter-output>
  </reporter-output>
  <suite started-at="2023-05-25T21:52:31 IST" name="Default suite" finished-at="2023-05-25T21:52:46 IST" duration-ms="14959">
    <groups>
    </groups>
    <test started-at="2023-05-25T21:52:31 IST" name="Default test" finished-at="2023-05-25T21:52:46 IST" duration-ms="14959">
      <class name="Demo.HomePageTest">
        <test-method is-config="true" signature="setup()[pri:0, instance:Demo.HomePageTest@54bff557]" started-at="2023-05-25T21:52:31 IST" name="setup" finished-at="2023-05-25T21:52:46 IST" duration-ms="14299" status="PASS">
          <reporter-output>
          </reporter-output>
        </test-method> <!-- setup -->
        <test-method signature="tc1()[pri:0, instance:Demo.HomePageTest@54bff557]" started-at="2023-05-25T21:52:46 IST" name="tc1" finished-at="2023-05-25T21:52:46 IST" duration-ms="233" status="PASS">
          <reporter-output>
          </reporter-output>
        </test-method> <!-- tc1 -->
        <test-method is-config="true" signature="tearDown()[pri:0, instance:Demo.HomePageTest@54bff557]" started-at="2023-05-25T21:52:46 IST" name="tearDown" finished-at="2023-05-25T21:52:46 IST" duration-ms="304" status="PASS">
          <reporter-output>
          </reporter-output>
        </test-method> <!-- tearDown -->
      </class> <!-- Demo.HomePageTest -->
    </test> <!-- Default test -->
  </suite> <!-- Default suite -->
</testng-results>
